make all --print-data-base --no-builtin-variables --no-builtin-rules --question
# GNU Make 4.2.1
# Built for x86_64-pc-linux-gnu
# Copyright (C) 1988-2016 Free Software Foundation, Inc.
# License GPLv3+: GNU GPL version 3 or later <http://gnu.org/licenses/gpl.html>
# This is free software: you are free to change and redistribute it.
# There is NO WARRANTY, to the extent permitted by law.

# Make data base, printed on Fri Jun 25 05:12:52 2021

# Variables

# 'override' directive
GNUMAKEFLAGS := 
# automatic
<D = $(patsubst %/,%,$(dir $<))
# makefile (from 'Makefile', line 74)
PREFIX = arm-none-eabi-
# automatic
?F = $(notdir $?)
# environment
PAPERSIZE = a4
# environment
DESKTOP_SESSION = ubuntu
# default
.SHELLFLAGS := -c
# makefile (from 'Makefile', line 73)
GCC_PATH = "$ARM_GCC/bin"
# environment
XDG_SESSION_CLASS = user
# makefile (from 'Makefile', line 146)
LDSCRIPT = STM32F722ZETx_FLASH.ld
# environment
SNAP_COMMON = /var/snap/code/common
# environment
XDG_SESSION_TYPE = x11
# environment
VSCODE_LOG_NATIVE = false
# makefile (from 'Makefile', line 16)
TARGET = nucleo-144
# automatic
?D = $(patsubst %/,%,$(dir $?))
# environment
IM_CONFIG_PHASE = 1
# makefile (from 'Makefile', line 108)
AS_DEFS = 
# makefile (from 'Makefile', line 117)
AS_INCLUDES = 
# automatic
@D = $(patsubst %/,%,$(dir $@))
# environment
XAUTHORITY = /run/user/1000/gdm/Xauthority
# environment
GDMSESSION = ubuntu
# environment
XMODIFIERS = @im=ibus
# makefile
CURDIR := /home/gmojo/workspace/embedded/nucleo-144
# makefile
SHELL = /bin/sh
# environment
SNAP_DATA = /var/snap/code/67
# environment
VSCODE_NLS_CONFIG = {"locale":"en-gb","availableLanguages":{},"_languagePackSupport":true}
# makefile (from 'Makefile', line 81)
SZ = $(GCC_PATH)/$(PREFIX)size
# environment
JOURNAL_STREAM = 8:60573
# makefile (from 'Makefile', line 139)
CFLAGS = $(MCU) $(C_DEFS) $(C_INCLUDES) $(OPT) -Wall -fdata-sections -ffunction-sections -g -gdwarf-2 -MMD -MP -MF"$(@:%.o=%.d)"
# environment
XDG_CONFIG_DIRS = /etc/xdg/xdg-ubuntu:/etc/xdg
# environment
SNAP_INSTANCE_NAME = code
# environment
SNAP_ARCH = amd64
# makefile (from 'build/main.d', line 1)
MAKEFILE_LIST :=  Makefile build/stm32f7xx_hal_msp.d build/stm32f7xx_it.d build/main.d
# automatic
@F = $(notdir $@)
# makefile (from 'Makefile', line 80)
CP = $(GCC_PATH)/$(PREFIX)objcopy
# environment
GIO_LAUNCHED_DESKTOP_FILE = /var/lib/snapd/desktop/applications/code_code.desktop
# makefile (from 'Makefile', line 23)
DEBUG = 1
# environment
USERNAME = gmojo
# environment
 
MAKELEVEL := 0
# environment
XDG_DATA_DIRS = /usr/share/ubuntu:/usr/local/share/:/usr/share/:/var/lib/snapd/desktop
# environment
DBUS_SESSION_BUS_ADDRESS = unix:path=/run/user/1000/bus
# environment
VSCODE_VERBOSE_LOGGING = true
# makefile (from 'Makefile', line 79)
AS = $(GCC_PATH)/$(PREFIX)gcc -x assembler-with-cpp
# environment
_ = /snap/code/67/usr/share/code/code
# environment
MANAGERPID = 1637
# environment
LESSOPEN = | /usr/bin/lesspipe %s
# environment
LC_NAME = en_GB.UTF-8
# environment
VSCODE_CWD = /home/gmojo
# environment
GSETTINGS_SCHEMA_DIR = /snap/code/67/usr/share/glib-2.0/schemas
# default
MAKE_HOST := x86_64-pc-linux-gnu
# environment
PATH = /home/gmojo/.cargo/bin:/home/gmojo/.local/bin:/home/gmojo/.cargo/bin:/home/gmojo/.local/bin:/usr/local/sbin:/usr/local/bin:/usr/sbin:/usr/bin:/sbin:/bin:/usr/games:/usr/local/games:/snap/bin
# environment
GPG_AGENT_INFO = /run/user/1000/gnupg/S.gpg-agent:0:1
# environment
ARM_GCC = /usr/share/gcc-arm-none-eabi-10-2020-q4-major
# environment
SESSION_MANAGER = local/ubuntu:@/tmp/.ICE-unix/1850,unix/ubuntu:/tmp/.ICE-unix/1850
# environment
XDG_RUNTIME_DIR = /run/user/1000
# environment
GDK_PIXBUF_MODULE_FILE = /home/gmojo/snap/code/common/.cache/gdk-pixbuf-loaders.cache
# environment
SNAP = /snap/code/67
# environment
PY_WR = /home/mojo/workspace/python_workspace
# environment
OPENOCD = /opt/openocd-0.11.0
# environment
SNAP_VERSION = 507ce72a
# environment
XDG_MENU_PREFIX = gnome-
# environment
VSCODE_LOG_STACK = false
# environment
DISABLE_WAYLAND = 1
# environment
VSCODE_CRASH_REPORTER_START_OPTIONS = {"companyName":"Microsoft","productName":"VSCode","submitURL":"appcenter://code?aid=fba07a4d-84bd-4fc8-a125-9640fc8ce171&uid=1de66e5f-e6e8-4d8e-8b0f-39ac70dba420&iid=1de66e5f-e6e8-4d8e-8b0f-39ac70dba420&sid=1de66e5f-e6e8-4d8e-8b0f-39ac70dba420","uploadToServer":true}
# environment
INVOCATION_ID = 67e4df953c4b4afca3ee377e27c1f47f
# makefile (from 'Makefile', line 151)
LDFLAGS = $(MCU) -specs=nano.specs -T$(LDSCRIPT) $(LIBDIR) $(LIBS) -Wl,-Map=$(BUILD_DIR)/$(TARGET).map,--cref -Wl,--gc-sections
# environment
GDK_PIXBUF_MODULEDIR = /snap/code/67/usr/lib/x86_64-linux-gnu/gdk-pixbuf-2.0/2.10.0/loaders
# default
.FEATURES := target-specific order-only second-expansion else-if shortest-stem undefine oneshell archives jobserver output-sync check-symlink load
# environment
LS_COLORS = 
# environment
XDG_SESSION_DESKTOP = ubuntu
# environment
SSH_AUTH_SOCK = /run/user/1000/keyring/ssh
# environment
GIO_LAUNCHED_DESKTOP_FILE_PID = 2665
# automatic
%F = $(notdir $%)
# environment
DISPLAY = :0
# environment
VISUAL = vim
# makefile (from 'Makefile', line 66)
ASM_SOURCES = startup_stm32f722xx.s
# makefile (from 'Makefile', line 25)
OPT = -Og
# environment
VSCODE_PIPE_LOGGING = true
# environment
SNAP_INSTANCE_KEY = 
# environment
PWD = /home/gmojo/workspace/embedded/nucleo-144
# default
.LOADED := 
# environment
SSH_AGENT_PID = 1815
# environment
ORIGINAL_XDG_CURRENT_DESKTOP = ubuntu:GNOME
# environment
GTK_MODULES = gail:atk-bridge
# environment
VSCODE_AMD_ENTRYPOINT = vs/workbench/services/extensions/node/extensionHostProcess
# environment
HOME = /home/gmojo
# environment
LESSCLOSE = /usr/bin/lesspipe %s %s
# environment
VSCODE_CLI = 1
# environment
LOGNAME = gmojo
# environment
APPLICATION_INSIGHTS_NO_DIAGNOSTIC_CHANNEL = true
# environment
SNAP_LIBRARY_PATH = /var/lib/snapd/lib/gl:/var/lib/snapd/lib/gl32:/var/lib/snapd/void
# environment
SNAP_CONTEXT = dyyUuck8Zjw7JTxi3LA4pBrgJIa2YciZu5nSrDhVYYZGoaCP6Vda
# automatic
+F = $(notdir $+)
# environment
ELECTRON_NO_ATTACH_CONSOLE = 1
# environment
SNAP_USER_COMMON = /home/gmojo/snap/code/common
# environment
VSCODE_HANDLES_UNCAUGHT_ERRORS = true
# environment
GNOME_DESKTOP_SESSION_ID = this-is-deprecated
# automatic
^D = $(patsubst %/,%,$(dir $^))
# makefile (from 'Makefile', line 111)
C_DEFS = -DUSE_HAL_DRIVER -DSTM32F722xx
# environment
LC_TIME = en_GB.UTF-8
# environment
SNAP_REAL_HOME = /home/gmojo
# makefile (from 'Makefile', line 120)
C_INCLUDES = -ICore/Inc -IDrivers/STM32F7xx_HAL_Driver/Inc -IDrivers/STM32F7xx_HAL_Driver/Inc/Legacy -IDrivers/CMSIS/Device/ST/STM32F7xx/Include -IDrivers/CMSIS/Include
# default
MAKE = $(MAKE_COMMAND)
# default
MAKECMDGOALS := all
# environment
QT_IM_MODULE = ibus
# environment
SNAP_USER_DATA = /home/gmojo/snap/code/67
# environment
SHLVL = 0
# makefile (from 'Makefile', line 101)
FLOAT-ABI = -mfloat-abi=hard
# makefile (from 'Makefile', line 88)
HEX = $(CP) -O ihex
# makefile (from 'Makefile', line 78)
CC = $(GCC_PATH)/$(PREFIX)gcc
# environment
GNOME_SHELL_SESSION_MODE = ubuntu
# makefile (from 'Makefile', line 32)
BUILD_DIR = build
# environment
VSCODE_IPC_HOOK_EXTHOST = /run/user/1000/vscode-ipc-ed040911-68ca-46d6-afcc-6c1ad1441220.sock
# makefile (from 'Makefile', line 129)
ASFLAGS = $(MCU) $(AS_DEFS) $(AS_INCLUDES) $(OPT) -Wall -fdata-sections -ffunction-sections
# default
MAKE_VERSION := 4.2.1
# environment
USER = gmojo
# environment
SNAP_REVISION = 67
# environment
LC_MONETARY = en_GB.UTF-8
# makefile
.DEFAULT_GOAL := all
# environment
XDG_CURRENT_DESKTOP = Unity
# automatic
%D = $(patsubst %/,%,$(dir $%))
# makefile (from 'Makefile', line 95)
CPU = -mcpu=cortex-m7
# environment
LC_TELEPHONE = en_GB.UTF-8
# makefile (from 'Makefile', line 98)
FPU = -mfpu=fpv5-sp-d16
# default
MAKE_COMMAND := make
# environment
VSCODE_NODE_CACHED_DATA_DIR = /home/gmojo/.config/Code/CachedData/507ce72a4466fbb27b715c3722558bb15afa9f48
# makefile (from 'Makefile', line 150)
LIBDIR = 
# default
.VARIABLES := 
# automatic
*F = $(notdir $*)
# environment
LANGUAGE = en_GB:en
# environment
VSCODE_IPC_HOOK = /run/user/1000/vscode-8f3affc1-1.57.1-main.sock
# environment
BAMF_DESKTOP_FILE_HINT = /var/lib/snapd/desktop/applications/code_code.desktop
# makefile
MAKEFLAGS = pqrR
# environment
MFLAGS = -pqrR
# automatic
*D = $(patsubst %/,%,$(dir $*))
# environment
BREAKPAD_DUMP_LOCATION = /home/gmojo/.config/Code/exthost Crash Reports
# automatic
+D = $(patsubst %/,%,$(dir $+))
# environment
GDK_BACKEND = x11
# environment
LC_PAPER = en_GB.UTF-8
# environment
LC_IDENTIFICATION = en_GB.UTF-8
# environment
QT_ACCESSIBILITY = 1
# makefile (from 'Makefile', line 104)
MCU = $(CPU) -mthumb $(FPU) $(FLOAT-ABI)
# default
MAKEFILES := 
# environment
SNAP_COOKIE = dyyUuck8Zjw7JTxi3LA4pBrgJIa2YciZu5nSrDhVYYZGoaCP6Vda
# environment
WRKSP = /home/mojo/workspace
# environment
LC_NUMERIC = en_GB.UTF-8
# automatic
<F = $(notdir $<)
# environment
ELECTRON_RUN_AS_NODE = 1
# environment
LC_MEASUREMENT = en_GB.UTF-8
# environment
SNAP_NAME = code
# makefile (from 'Makefile', line 89)
BIN = $(CP) -O binary -S
# environment
EDITOR = vim
# environment
LC_ALL = C
# environment
GJS_DEBUG_TOPICS = JS ERROR;JS LOG
# makefile (from 'Makefile', line 149)
LIBS = -lc -lm -lnosys 
# automatic
^F = $(notdir $^)
# makefile (from 'Makefile', line 38)
C_SOURCES = Core/Src/main.c Core/Src/stm32f7xx_it.c Core/Src/stm32f7xx_hal_msp.c Drivers/STM32F7xx_HAL_Driver/Src/stm32f7xx_hal_cortex.c Drivers/STM32F7xx_HAL_Driver/Src/stm32f7xx_hal_tim.c Drivers/STM32F7xx_HAL_Driver/Src/stm32f7xx_hal_tim_ex.c Drivers/STM32F7xx_HAL_Driver/Src/stm32f7xx_hal_uart.c Drivers/STM32F7xx_HAL_Driver/Src/stm32f7xx_hal_uart_ex.c Drivers/STM32F7xx_HAL_Driver/Src/stm32f7xx_hal_rcc.c Drivers/STM32F7xx_HAL_Driver/Src/stm32f7xx_hal_rcc_ex.c Drivers/STM32F7xx_HAL_Driver/Src/stm32f7xx_hal_flash.c Drivers/STM32F7xx_HAL_Driver/Src/stm32f7xx_hal_flash_ex.c Drivers/STM32F7xx_HAL_Driver/Src/stm32f7xx_hal_gpio.c Drivers/STM32F7xx_HAL_Driver/Src/stm32f7xx_hal_dma.c Drivers/STM32F7xx_HAL_Driver/Src/stm32f7xx_hal_dma_ex.c Drivers/STM32F7xx_HAL_Driver/Src/stm32f7xx_hal_pwr.c Drivers/STM32F7xx_HAL_Driver/Src/stm32f7xx_hal_pwr_ex.c Drivers/STM32F7xx_HAL_Driver/Src/stm32f7xx_hal.c Drivers/STM32F7xx_HAL_Driver/Src/stm32f7xx_hal_i2c.c Drivers/STM32F7xx_HAL_Driver/Src/stm32f7xx_hal_i2c_ex.c Drivers/STM32F7xx_HAL_Driver/Src/stm32f7xx_hal_exti.c Drivers/STM32F7xx_HAL_Driver/Src/stm32f7xx_hal_pcd.c Drivers/STM32F7xx_HAL_Driver/Src/stm32f7xx_hal_pcd_ex.c Drivers/STM32F7xx_HAL_Driver/Src/stm32f7xx_ll_usb.c Core/Src/system_stm32f7xx.c  
# default
SUFFIXES := 
# environment
SNAP_REEXEC = 
# environment
CHROME_DESKTOP = code-url-handler.desktop
# environment
WINDOWPATH = 2
# default
.INCLUDE_DIRS = /usr/include /usr/local/include /usr/include
# environment
GJS_DEBUG_OUTPUT = stderr
# default
.RECIPEPREFIX := 
# makefile (from 'Makefile', line 164)
OBJECTS = $(addprefix $(BUILD_DIR)/,$(notdir $(C_SOURCES:.c=.o))) $(addprefix $(BUILD_DIR)/,$(notdir $(ASM_SOURCES:.s=.o)))
# environment
LC_ADDRESS = en_GB.UTF-8
# environment
LANG = C
# environment
VSCODE_PID = 2707
# variable set hash-table stats:
# Load=168/1024=16%, Rehash=0, Collisions=40/250=16%

# Pattern-specific Variable Values

# No pattern-specific variable values.

# Directories

# . (device 2053, inode 1841872): 14 files, no impossibilities.
# build (device 2053, inode 1843075): 9 files, no impossibilities.
# Drivers/STM32F7xx_HAL_Driver/Src (device 2053, inode 1842004): No files, no impossibilities so far.
# Core/Src (device 2053, inode 1841882): No files, no impossibilities so far.

# 23 files, no impossibilities in 4 directories.

 
# Implicit Rules

build/%.o: %.c Makefile | build
#  recipe to execute (from 'Makefile', line 168):
	$(CC) -c $(CFLAGS) -Wa,-a,-ad,-alms=$(BUILD_DIR)/$(notdir $(<:.c=.lst)) $< -o $@

build/%.o: %.s Makefile | build
#  recipe to execute (from 'Makefile', line 171):
	$(AS) -c $(CFLAGS) $< -o $@

build/%.hex: build/%.elf | build
#  recipe to execute (from 'Makefile', line 178):
	$(HEX) $< $@
	

build/%.bin: build/%.elf | build
#  recipe to execute (from 'Makefile', line 181):
	$(BIN) $< $@	
	

# 4 implicit rules, 0 (0.0%) terminal.

# Files

# Not a target:
Core/Src/stm32f7xx_it.c:
#  Implicit rule search has been done.
#  Last modified 2021-06-25 05:04:44.465835531
#  File has been updated.
#  Successfully updated.

# Not a target:
build/startup_stm32f722xx.o:
#  Implicit rule search has not been done.
#  Modification time never checked.
#  File has not been updated.

# Not a target:
build/stm32f7xx_hal_flash_ex.o:
#  Implicit rule search has not been done.
#  Modification time never checked.
#  File has not been updated.

# Not a target:
build/stm32f7xx_it.d:
#  Implicit rule search has been done.
#  Last modified 2021-06-25 05:12:38.897481841
#  File has been updated.
#  Successfully updated.

# Not a target:
build/stm32f7xx_hal_dma_ex.o:
#  Implicit rule search has not been done.
#  Modification time never checked.
#  File has not been updated.

build/main.o: Core/Src/main.c Makefile Core/Src/main.c Core/Inc/main.h Drivers/STM32F7xx_HAL_Driver/Inc/stm32f7xx_hal.h Core/Inc/stm32f7xx_hal_conf.h Drivers/STM32F7xx_HAL_Driver/Inc/stm32f7xx_hal_rcc.h Drivers/STM32F7xx_HAL_Driver/Inc/stm32f7xx_hal_def.h Drivers/CMSIS/Device/ST/STM32F7xx/Include/stm32f7xx.h Drivers/CMSIS/Device/ST/STM32F7xx/Include/stm32f722xx.h Drivers/CMSIS/Include/core_cm7.h Drivers/CMSIS/Include/cmsis_version.h Drivers/CMSIS/Include/cmsis_compiler.h Drivers/CMSIS/Include/cmsis_gcc.h Drivers/CMSIS/Include/mpu_armv7.h Drivers/CMSIS/Device/ST/STM32F7xx/Include/system_stm32f7xx.h Drivers/STM32F7xx_HAL_Driver/Inc/Legacy/stm32_hal_legacy.h Drivers/STM32F7xx_HAL_Driver/Inc/stm32f7xx_hal_rcc_ex.h Drivers/STM32F7xx_HAL_Driver/Inc/stm32f7xx_hal_exti.h Drivers/STM32F7xx_HAL_Driver/Inc/stm32f7xx_hal_gpio.h Drivers/STM32F7xx_HAL_Driver/Inc/stm32f7xx_hal_gpio_ex.h Drivers/STM32F7xx_HAL_Driver/Inc/stm32f7xx_hal_dma.h Drivers/STM32F7xx_HAL_Driver/Inc/stm32f7xx_hal_dma_ex.h Drivers/STM32F7xx_HAL_Driver/Inc/stm32f7xx_hal_cortex.h Drivers/STM32F7xx_HAL_Driver/Inc/stm32f7xx_hal_flash.h Drivers/STM32F7xx_HAL_Driver/Inc/stm32f7xx_hal_flash_ex.h Drivers/STM32F7xx_HAL_Driver/Inc/stm32f7xx_hal_pwr.h Drivers/STM32F7xx_HAL_Driver/Inc/stm32f7xx_hal_pwr_ex.h Drivers/STM32F7xx_HAL_Driver/Inc/stm32f7xx_hal_uart.h Drivers/STM32F7xx_HAL_Driver/Inc/stm32f7xx_hal_uart_ex.h | build
#  Implicit rule search has been done.
#  Implicit/static pattern stem: 'main'
#  Last modified 2021-06-25 05:12:38.857480884
#  File has been updated.
#  Successfully updated.
#  recipe to execute (from 'Makefile', line 168):
	$(CC) -c $(CFLAGS) -Wa,-a,-ad,-alms=$(BUILD_DIR)/$(notdir $(<:.c=.lst)) $< -o $@

Drivers/CMSIS/Include/cmsis_version.h:
#  Implicit rule search has been done.
#  Last modified 2021-06-21 09:56:44.599579033
#  File has been updated.
#  Successfully updated.

all: build/nucleo-144.elf build/nucleo-144.hex build/nucleo-144.bin
#  Command line target.
#  Implicit rule search has been done.
 
#  File does not exist.
#  File has been updated.
#  Needs to be updated (-q is set).
# variable set hash-table stats:
# Load=0/32=0%, Rehash=0, Collisions=0/16=0%

build/stm32f7xx_hal_msp.o: Core/Src/stm32f7xx_hal_msp.c Makefile Core/Src/stm32f7xx_hal_msp.c Core/Inc/main.h Drivers/STM32F7xx_HAL_Driver/Inc/stm32f7xx_hal.h Core/Inc/stm32f7xx_hal_conf.h Drivers/STM32F7xx_HAL_Driver/Inc/stm32f7xx_hal_rcc.h Drivers/STM32F7xx_HAL_Driver/Inc/stm32f7xx_hal_def.h Drivers/CMSIS/Device/ST/STM32F7xx/Include/stm32f7xx.h Drivers/CMSIS/Device/ST/STM32F7xx/Include/stm32f722xx.h Drivers/CMSIS/Include/core_cm7.h Drivers/CMSIS/Include/cmsis_version.h Drivers/CMSIS/Include/cmsis_compiler.h Drivers/CMSIS/Include/cmsis_gcc.h Drivers/CMSIS/Include/mpu_armv7.h Drivers/CMSIS/Device/ST/STM32F7xx/Include/system_stm32f7xx.h Drivers/STM32F7xx_HAL_Driver/Inc/Legacy/stm32_hal_legacy.h Drivers/STM32F7xx_HAL_Driver/Inc/stm32f7xx_hal_rcc_ex.h Drivers/STM32F7xx_HAL_Driver/Inc/stm32f7xx_hal_exti.h Drivers/STM32F7xx_HAL_Driver/Inc/stm32f7xx_hal_gpio.h Drivers/STM32F7xx_HAL_Driver/Inc/stm32f7xx_hal_gpio_ex.h Drivers/STM32F7xx_HAL_Driver/Inc/stm32f7xx_hal_dma.h Drivers/STM32F7xx_HAL_Driver/Inc/stm32f7xx_hal_dma_ex.h Drivers/STM32F7xx_HAL_Driver/Inc/stm32f7xx_hal_cortex.h Drivers/STM32F7xx_HAL_Driver/Inc/stm32f7xx_hal_flash.h Drivers/STM32F7xx_HAL_Driver/Inc/stm32f7xx_hal_flash_ex.h Drivers/STM32F7xx_HAL_Driver/Inc/stm32f7xx_hal_pwr.h Drivers/STM32F7xx_HAL_Driver/Inc/stm32f7xx_hal_pwr_ex.h Drivers/STM32F7xx_HAL_Driver/Inc/stm32f7xx_hal_uart.h Drivers/STM32F7xx_HAL_Driver/Inc/stm32f7xx_hal_uart_ex.h | build
#  Implicit rule search has been done.
#  Implicit/static pattern stem: 'stm32f7xx_hal_msp'
#  File does not exist.
#  File has been updated.
#  Needs to be updated (-q is set).
# automatic
# @ := build/stm32f7xx_hal_msp.o
# automatic
# % := 
# automatic
# * := stm32f7xx_hal_msp
# automatic
# + := Core/Src/stm32f7xx_hal_msp.c Makefile Core/Src/stm32f7xx_hal_msp.c Core/Inc/main.h Drivers/STM32F7xx_HAL_Driver/Inc/stm32f7xx_hal.h Core/Inc/stm32f7xx_hal_conf.h Drivers/STM32F7xx_HAL_Driver/Inc/stm32f7xx_hal_rcc.h Drivers/STM32F7xx_HAL_Driver/Inc/stm32f7xx_hal_def.h Drivers/CMSIS/Device/ST/STM32F7xx/Include/stm32f7xx.h Drivers/CMSIS/Device/ST/STM32F7xx/Include/stm32f722xx.h Drivers/CMSIS/Include/core_cm7.h Drivers/CMSIS/Include/cmsis_version.h Drivers/CMSIS/Include/cmsis_compiler.h Drivers/CMSIS/Include/cmsis_gcc.h Drivers/CMSIS/Include/mpu_armv7.h Drivers/CMSIS/Device/ST/STM32F7xx/Include/system_stm32f7xx.h Drivers/STM32F7xx_HAL_Driver/Inc/Legacy/stm32_hal_legacy.h Drivers/STM32F7xx_HAL_Driver/Inc/stm32f7xx_hal_rcc_ex.h Drivers/STM32F7xx_HAL_Driver/Inc/stm32f7xx_hal_exti.h Drivers/STM32F7xx_HAL_Driver/Inc/stm32f7xx_hal_gpio.h Drivers/STM32F7xx_HAL_Driver/Inc/stm32f7xx_hal_gpio_ex.h Drivers/STM32F7xx_HAL_Driver/Inc/stm32f7xx_hal_dma.h Drivers/STM32F7xx_HAL_Driver/Inc/stm32f7xx_hal_dma_ex.h Drivers/STM32F7xx_HAL_Driver/Inc/stm32f7xx_hal_cortex.h Drivers/STM32F7xx_HAL_Driver/Inc/stm32f7xx_hal_flash.h Drivers/STM32F7xx_HAL_Driver/Inc/stm32f7xx_hal_flash_ex.h Drivers/STM32F7xx_HAL_Driver/Inc/stm32f7xx_hal_pwr.h Drivers/STM32F7xx_HAL_Driver/Inc/stm32f7xx_hal_pwr_ex.h Drivers/STM32F7xx_HAL_Driver/Inc/stm32f7xx_hal_uart.h Drivers/STM32F7xx_HAL_Driver/Inc/stm32f7xx_hal_uart_ex.h
# automatic
# | := build
# automatic
# < := Core/Src/stm32f7xx_hal_msp.c
# automatic
# ^ := Core/Src/stm32f7xx_hal_msp.c Makefile Core/Inc/main.h Drivers/STM32F7xx_HAL_Driver/Inc/stm32f7xx_hal.h Core/Inc/stm32f7xx_hal_conf.h Drivers/STM32F7xx_HAL_Driver/Inc/stm32f7xx_hal_rcc.h Drivers/STM32F7xx_HAL_Driver/Inc/stm32f7xx_hal_def.h Drivers/CMSIS/Device/ST/STM32F7xx/Include/stm32f7xx.h Drivers/CMSIS/Device/ST/STM32F7xx/Include/stm32f722xx.h Drivers/CMSIS/Include/core_cm7.h Drivers/CMSIS/Include/cmsis_version.h Drivers/CMSIS/Include/cmsis_compiler.h Drivers/CMSIS/Include/cmsis_gcc.h Drivers/CMSIS/Include/mpu_armv7.h Drivers/CMSIS/Device/ST/STM32F7xx/Include/system_stm32f7xx.h Drivers/STM32F7xx_HAL_Driver/Inc/Legacy/stm32_hal_legacy.h Drivers/STM32F7xx_HAL_Driver/Inc/stm32f7xx_hal_rcc_ex.h Drivers/STM32F7xx_HAL_Driver/Inc/stm32f7xx_hal_exti.h Drivers/STM32F7xx_HAL_Driver/Inc/stm32f7xx_hal_gpio.h Drivers/STM32F7xx_HAL_Driver/Inc/stm32f7xx_hal_gpio_ex.h Drivers/STM32F7xx_HAL_Driver/Inc/stm32f7xx_hal_dma.h Drivers/STM32F7xx_HAL_Driver/Inc/stm32f7xx_hal_dma_ex.h Drivers/STM32F7xx_HAL_Driver/Inc/stm32f7xx_hal_cortex.h Drivers/STM32F7xx_HAL_Driver/Inc/stm32f7xx_hal_flash.h Drivers/STM32F7xx_HAL_Driver/Inc/stm32f7xx_hal_flash_ex.h Drivers/STM32F7xx_HAL_Driver/Inc/stm32f7xx_hal_pwr.h Drivers/STM32F7xx_HAL_Driver/Inc/stm32f7xx_hal_pwr_ex.h Drivers/STM32F7xx_HAL_Driver/Inc/stm32f7xx_hal_uart.h Drivers/STM32F7xx_HAL_Driver/Inc/stm32f7xx_hal_uart_ex.h
# automatic
# ? := Core/Src/stm32f7xx_hal_msp.c Makefile Core/Inc/main.h Drivers/STM32F7xx_HAL_Driver/Inc/stm32f7xx_hal.h Core/Inc/stm32f7xx_hal_conf.h Drivers/STM32F7xx_HAL_Driver/Inc/stm32f7xx_hal_rcc.h Drivers/STM32F7xx_HAL_Driver/Inc/stm32f7xx_hal_def.h Drivers/CMSIS/Device/ST/STM32F7xx/Include/stm32f7xx.h Drivers/CMSIS/Device/ST/STM32F7xx/Include/stm32f722xx.h Drivers/CMSIS/Include/core_cm7.h Drivers/CMSIS/Include/cmsis_version.h Drivers/CMSIS/Include/cmsis_compiler.h Drivers/CMSIS/Include/cmsis_gcc.h Drivers/CMSIS/Include/mpu_armv7.h Drivers/CMSIS/Device/ST/STM32F7xx/Include/system_stm32f7xx.h Drivers/STM32F7xx_HAL_Driver/Inc/Legacy/stm32_hal_legacy.h Drivers/STM32F7xx_HAL_Driver/Inc/stm32f7xx_hal_rcc_ex.h Drivers/STM32F7xx_HAL_Driver/Inc/stm32f7xx_hal_exti.h Drivers/STM32F7xx_HAL_Driver/Inc/stm32f7xx_hal_gpio.h Drivers/STM32F7xx_HAL_Driver/Inc/stm32f7xx_hal_gpio_ex.h Drivers/STM32F7xx_HAL_Driver/Inc/stm32f7xx_hal_dma.h Drivers/STM32F7xx_HAL_Driver/Inc/stm32f7xx_hal_dma_ex.h Drivers/STM32F7xx_HAL_Driver/Inc/stm32f7xx_hal_cortex.h Drivers/STM32F7xx_HAL_Driver/Inc/stm32f7xx_hal_flash.h Drivers/STM32F7xx_HAL_Driver/Inc/stm32f7xx_hal_flash_ex.h Drivers/STM32F7xx_HAL_Driver/Inc/stm32f7xx_hal_pwr.h Drivers/STM32F7xx_HAL_Driver/Inc/stm32f7xx_hal_pwr_ex.h Drivers/STM32F7xx_HAL_Driver/Inc/stm32f7xx_hal_uart.h Drivers/STM32F7xx_HAL_Driver/Inc/stm32f7xx_hal_uart_ex.h
# variable set hash-table stats:
# Load=8/32=25%, Rehash=0, Collisions=1/28=4%
#  recipe to execute (from 'Makefile', line 168):
	$(CC) -c $(CFLAGS) -Wa,-a,-ad,-alms=$(BUILD_DIR)/$(notdir $(<:.c=.lst)) $< -o $@

Drivers/CMSIS/Include/cmsis_gcc.h:
#  Implicit rule search has been done.
#  Last modified 2021-06-21 09:56:44.599579033
#  File has been updated.
#  Successfully updated.

Drivers/STM32F7xx_HAL_Driver/Inc/stm32f7xx_hal_gpio_ex.h:
#  Implicit rule search has been done.
#  Last modified 2021-06-21 09:56:37.935401974
#  File has been updated.
#  Successfully updated.

# Not a target:
build/stm32f7xx_hal_gpio.o:
#  Implicit rule search has not been done.
#  Modification time never checked.
#  File has not been updated.

Drivers/STM32F7xx_HAL_Driver/Inc/stm32f7xx_hal_exti.h:
#  Implicit rule search has been done.
#  Last modified 2021-06-21 09:56:37.919401546
#  File has been updated.
#  Successfully updated.

# Not a target:
build/stm32f7xx_hal.o:
#  Implicit rule search has not been done.
#  Modification time never checked.
#  File has not been updated.

Drivers/STM32F7xx_HAL_Driver/Inc/stm32f7xx_hal_rcc_ex.h:
#  Implicit rule search has been done.
#  Last modified 2021-06-21 09:56:37.943402185
#  File has been updated.
#  Successfully updated.

# Not a target:
build/stm32f7xx_hal_rcc.o:
#  Implicit rule search has not been done.
#  Modification time never checked.
#  File has not been updated.

Drivers/STM32F7xx_HAL_Driver/Inc/Legacy/stm32_hal_legacy.h:
#  Implicit rule search has been done.
#  Last modified 2021-06-21 09:56:38.119406859
#  File has been updated.
#  Successfully updated.

# Not a target:
build/stm32f7xx_hal_exti.o:
#  Implicit rule search has not been done.
#  Modification time never checked.
#  File has not been updated.

Drivers/STM32F7xx_HAL_Driver/Inc/stm32f7xx_hal_uart.h:
#  Implicit rule search has been done.
 
#  Last modified 2021-06-25 05:07:55.822615374
#  File has been updated.
#  Successfully updated.

# Not a target:
Makefile:
#  Implicit rule search has been done.
#  Last modified 2021-06-25 05:12:20.693045663
#  File has been updated.
#  Successfully updated.

Drivers/CMSIS/Include/cmsis_compiler.h:
#  Implicit rule search has been done.
#  Last modified 2021-06-21 09:56:44.599579033
#  File has been updated.
#  Successfully updated.

# Not a target:
build/system_stm32f7xx.o:
#  Implicit rule search has not been done.
#  Modification time never checked.
#  File has not been updated.

# Not a target:
build/nucleo-144.bin:
#  Implicit rule search has not been done.
#  Modification time never checked.
#  File has not been updated.

build/stm32f7xx_it.o: Core/Src/stm32f7xx_it.c Makefile Core/Src/stm32f7xx_it.c Core/Inc/main.h Drivers/STM32F7xx_HAL_Driver/Inc/stm32f7xx_hal.h Core/Inc/stm32f7xx_hal_conf.h Drivers/STM32F7xx_HAL_Driver/Inc/stm32f7xx_hal_rcc.h Drivers/STM32F7xx_HAL_Driver/Inc/stm32f7xx_hal_def.h Drivers/CMSIS/Device/ST/STM32F7xx/Include/stm32f7xx.h Drivers/CMSIS/Device/ST/STM32F7xx/Include/stm32f722xx.h Drivers/CMSIS/Include/core_cm7.h Drivers/CMSIS/Include/cmsis_version.h Drivers/CMSIS/Include/cmsis_compiler.h Drivers/CMSIS/Include/cmsis_gcc.h Drivers/CMSIS/Include/mpu_armv7.h Drivers/CMSIS/Device/ST/STM32F7xx/Include/system_stm32f7xx.h Drivers/STM32F7xx_HAL_Driver/Inc/Legacy/stm32_hal_legacy.h Drivers/STM32F7xx_HAL_Driver/Inc/stm32f7xx_hal_rcc_ex.h Drivers/STM32F7xx_HAL_Driver/Inc/stm32f7xx_hal_exti.h Drivers/STM32F7xx_HAL_Driver/Inc/stm32f7xx_hal_gpio.h Drivers/STM32F7xx_HAL_Driver/Inc/stm32f7xx_hal_gpio_ex.h Drivers/STM32F7xx_HAL_Driver/Inc/stm32f7xx_hal_dma.h Drivers/STM32F7xx_HAL_Driver/Inc/stm32f7xx_hal_dma_ex.h Drivers/STM32F7xx_HAL_Driver/Inc/stm32f7xx_hal_cortex.h Drivers/STM32F7xx_HAL_Driver/Inc/stm32f7xx_hal_flash.h Drivers/STM32F7xx_HAL_Driver/Inc/stm32f7xx_hal_flash_ex.h Drivers/STM32F7xx_HAL_Driver/Inc/stm32f7xx_hal_pwr.h Drivers/STM32F7xx_HAL_Driver/Inc/stm32f7xx_hal_pwr_ex.h Drivers/STM32F7xx_HAL_Driver/Inc/stm32f7xx_hal_uart.h Drivers/STM32F7xx_HAL_Driver/Inc/stm32f7xx_hal_uart_ex.h Core/Inc/stm32f7xx_it.h | build
#  Implicit rule search has been done.
#  Implicit/static pattern stem: 'stm32f7xx_it'
#  Last modified 2021-06-25 05:12:38.909482129
#  File has been updated.
#  Successfully updated.
#  recipe to execute (from 'Makefile', line 168):
	$(CC) -c $(CFLAGS) -Wa,-a,-ad,-alms=$(BUILD_DIR)/$(notdir $(<:.c=.lst)) $< -o $@

build:
#  Implicit rule search has not been done.
#  Last modified 2021-06-25 05:12:38.961483375
#  File has been updated.
#  Successfully updated.
#  recipe to execute (from 'Makefile', line 184):
	mkdir $@		

Core/Inc/stm32f7xx_hal_conf.h:
#  Implicit rule search has been done.
#  Last modified 2021-06-25 04:54:35.960886601
#  File has been updated.
#  Successfully updated.

# Not a target:
build/stm32f7xx_hal_rcc_ex.o:
#  Implicit rule search has not been done.
#  Modification time never checked.
#  File has not been updated.

Drivers/CMSIS/Device/ST/STM32F7xx/Include/system_stm32f7xx.h:
#  Implicit rule search has been done.
#  Last modified 2021-06-21 09:56:44.695581587
#  File has been updated.
#  Successfully updated.

# Not a target:
build/stm32f7xx_hal_i2c.o:
#  Implicit rule search has not been done.
#  Modification time never checked.
#  File has not been updated.

Drivers/STM32F7xx_HAL_Driver/Inc/stm32f7xx_hal_pwr.h:
#  Implicit rule search has been done.
#  Last modified 2021-06-21 09:56:37.939402078
#  File has been updated.
#  Successfully updated.

Drivers/STM32F7xx_HAL_Driver/Inc/stm32f7xx_hal_uart_ex.h:
#  Implicit rule search has been done.
#  Last modified 2021-06-21 09:56:37.943402185
#  File has been updated.
#  Successfully updated.

# Not a target:
build/stm32f7xx_hal_uart.o:
#  Implicit rule search has not been done.
#  Modification time never checked.
#  File has not been updated.

# Not a target:
build/stm32f7xx_ll_usb.o:
#  Implicit rule search has not been done.
#  Modification time never checked.
#  File has not been updated.

Drivers/STM32F7xx_HAL_Driver/Inc/stm32f7xx_hal.h:
#  Implicit rule search has been done.
#  Last modified 2021-06-21 09:56:37.919401546
#  File has been updated.
#  Successfully updated.

Drivers/STM32F7xx_HAL_Driver/Inc/stm32f7xx_hal_flash.h:
#  Implicit rule search has been done.
#  Last modified 2021-06-21 09:56:37.943402185
#  File has been updated.
#  Successfully updated.

# Not a target:
.DEFAULT:
#  Implicit rule search has not been done.
#  Modification time never checked.
#  File has not been updated.

Drivers/STM32F7xx_HAL_Driver/Inc/stm32f7xx_hal_dma.h:
#  Implicit rule search has been done.
#  Last modified 2021-06-21 09:56:37.939402078
#  File has been updated.
#  Successfully updated.

# Not a target:
build/stm32f7xx_hal_tim.o:
#  Implicit rule search has not been done.
#  Modification time never checked.
#  File has not been updated.

# Not a target:
build/stm32f7xx_hal_pcd.o:
#  Implicit rule search has not been done.
#  Modification time never checked.
#  File has not been updated.

Core/Inc/main.h:
#  Implicit rule search has been done.
#  Last modified 2021-06-25 04:58:37.837801423
#  File has been updated.
#  Successfully updated.

# Not a target:
build/stm32f7xx_hal_i2c_ex.o:
#  Implicit rule search has not been done.
#  Modification time never checked.
#  File has not been updated.

clean:
#  Implicit rule search has not been done.
#  Modification time never checked.
#  File has not been updated.
#  recipe to execute (from 'Makefile', line 190):
	-rm -fR $(BUILD_DIR)

Drivers/STM32F7xx_HAL_Driver/Inc/stm32f7xx_hal_pwr_ex.h:
#  Implicit rule search has been done.
#  Last modified 2021-06-21 09:56:37.943402185
#  File has been updated.
#  Successfully updated.

# Not a target:
build/stm32f7xx_hal_pwr.o:
#  Implicit rule search has not been done.
#  Modification time never checked.
#  File has not been updated.

# Not a target:
build/stm32f7xx_hal_uart_ex.o:
#  Implicit rule search has not been done.
#  Modification time never checked.
#  File has not been updated.

# Not a target:
Core/Src/main.c:
#  Implicit rule search has been done.
#  Last modified 2021-06-25 05:04:49.581965271
#  File has been updated.
#  Successfully updated.

# Not a target:
build/nucleo-144.hex:
#  Implicit rule search has not been done.
#  Modification time never checked.
#  File has not been updated.

Drivers/STM32F7xx_HAL_Driver/Inc/stm32f7xx_hal_cortex.h:
#  Implicit rule search has been done.
#  Last modified 2021-06-21 09:56:37.935401974
#  File has been updated.
#  Successfully updated.

# Not a target:
build/main.d:
#  Implicit rule search has been done.
#  Last modified 2021-06-25 05:12:38.837480405
#  File has been updated.
#  Successfully updated.

# Not a target:
Core/Src/stm32f7xx_hal_msp.c:
#  Implicit rule search has been done.
#  Last modified 2021-06-25 05:12:30.653284386
#  File has been updated.
#  Successfully updated.

Drivers/STM32F7xx_HAL_Driver/Inc/stm32f7xx_hal_flash_ex.h:
#  Implicit rule search has been done.
#  Last modified 2021-06-21 09:56:37.939402078
#  File has been updated.
#  Successfully updated.

# Not a target:
build/stm32f7xx_hal_flash.o:
#  Implicit rule search has not been done.
#  Modification time never checked.
#  File has not been updated.

Drivers/CMSIS/Device/ST/STM32F7xx/Include/stm32f7xx.h:
#  Implicit rule search has been done.
 
#  Last modified 2021-06-21 09:56:44.699581694
#  File has been updated.
#  Successfully updated.

# Not a target:
build/stm32f7xx_hal_msp.d:
#  Implicit rule search has been done.
#  Last modified 2021-06-25 05:12:38.961483375
#  File has been updated.
#  Successfully updated.

Drivers/STM32F7xx_HAL_Driver/Inc/stm32f7xx_hal_dma_ex.h:
#  Implicit rule search has been done.
#  Last modified 2021-06-21 09:56:37.919401546
#  File has been updated.
#  Successfully updated.

# Not a target:
build/stm32f7xx_hal_dma.o:
#  Implicit rule search has not been done.
#  Modification time never checked.
#  File has not been updated.

Drivers/STM32F7xx_HAL_Driver/Inc/stm32f7xx_hal_def.h:
#  Implicit rule search has been done.
#  Last modified 2021-06-21 09:56:37.939402078
#  File has been updated.
#  Successfully updated.

# Not a target:
build/stm32f7xx_hal_tim_ex.o:
#  Implicit rule search has not been done.
#  Modification time never checked.
#  File has not been updated.

Drivers/CMSIS/Include/core_cm7.h:
#  Implicit rule search has been done.
#  Last modified 2021-06-21 09:56:44.599579033
#  File has been updated.
#  Successfully updated.

Drivers/CMSIS/Include/mpu_armv7.h:
#  Implicit rule search has been done.
#  Last modified 2021-06-21 09:56:44.599579033
#  File has been updated.
#  Successfully updated.

# Not a target:
build/stm32f7xx_hal_pcd_ex.o:
#  Implicit rule search has not been done.
#  Modification time never checked.
#  File has not been updated.

Drivers/STM32F7xx_HAL_Driver/Inc/stm32f7xx_hal_gpio.h:
#  Implicit rule search has been done.
#  Last modified 2021-06-21 09:56:37.943402185
#  File has been updated.
#  Successfully updated.

# Not a target:
build/stm32f7xx_hal_pwr_ex.o:
#  Implicit rule search has not been done.
#  Modification time never checked.
#  File has not been updated.

build/nucleo-144.elf: build/main.o build/stm32f7xx_it.o build/stm32f7xx_hal_msp.o build/stm32f7xx_hal_cortex.o build/stm32f7xx_hal_tim.o build/stm32f7xx_hal_tim_ex.o build/stm32f7xx_hal_uart.o build/stm32f7xx_hal_uart_ex.o build/stm32f7xx_hal_rcc.o build/stm32f7xx_hal_rcc_ex.o build/stm32f7xx_hal_flash.o build/stm32f7xx_hal_flash_ex.o build/stm32f7xx_hal_gpio.o build/stm32f7xx_hal_dma.o build/stm32f7xx_hal_dma_ex.o build/stm32f7xx_hal_pwr.o build/stm32f7xx_hal_pwr_ex.o build/stm32f7xx_hal.o build/stm32f7xx_hal_i2c.o build/stm32f7xx_hal_i2c_ex.o build/stm32f7xx_hal_exti.o build/stm32f7xx_hal_pcd.o build/stm32f7xx_hal_pcd_ex.o build/stm32f7xx_ll_usb.o build/system_stm32f7xx.o build/startup_stm32f722xx.o Makefile
#  Implicit rule search has not been done.
#  File does not exist.
#  File has been updated.
#  Needs to be updated (-q is set).
# variable set hash-table stats:
# Load=0/32=0%, Rehash=0, Collisions=0/16=0%
#  recipe to execute (from 'Makefile', line 174):
	$(CC) $(OBJECTS) $(LDFLAGS) -o $@
	$(SZ) $@

Core/Inc/stm32f7xx_it.h:
#  Implicit rule search has been done.
#  Last modified 2021-06-21 09:56:37.071379014
#  File has been updated.
#  Successfully updated.

Drivers/STM32F7xx_HAL_Driver/Inc/stm32f7xx_hal_rcc.h:
#  Implicit rule search has been done.
#  Last modified 2021-06-21 09:56:37.935401974
#  File has been updated.
#  Successfully updated.

Drivers/CMSIS/Device/ST/STM32F7xx/Include/stm32f722xx.h:
#  Implicit rule search has been done.
#  Last modified 2021-06-21 09:56:44.695581587
#  File has been updated.
#  Successfully updated.

# Not a target:
build/stm32f7xx_hal_cortex.o:
#  Implicit rule search has not been done.
#  Modification time never checked.
#  File has not been updated.

# files hash-table stats:
# Load=69/1024=7%, Rehash=0, Collisions=31/326=10%
# VPATH Search Paths

vpath %.c Core/Src:Drivers/STM32F7xx_HAL_Driver/Src

# 1 'vpath' search paths.

# No general ('VPATH' variable) search path.

# strcache buffers: 1 (0) / strings = 104 / storage = 2691 B / avg = 25 B
# current buf: size = 8162 B / used = 2691 B / count = 104 / avg = 25 B

# strcache performance: lookups = 378 / hit rate = 72%
# hash-table stats:
# Load=104/8192=1%, Rehash=0, Collisions=11/378=3%
# Finished Make data base on Fri Jun 25 05:12:52 2021

 
